Requirement already satisfied: pandas in /zhome/fe/3/153614/.local/lib/python3.6/site-packages (1.1.4)
Requirement already satisfied: python-dateutil>=2.7.3 in /zhome/fe/3/153614/.local/lib/python3.6/site-packages (from pandas) (2.8.1)
Requirement already satisfied: pytz>=2017.2 in /zhome/fe/3/153614/.local/lib/python3.6/site-packages (from pandas) (2020.4)
Requirement already satisfied: numpy>=1.15.4 in /zhome/fe/3/153614/.local/lib/python3.6/site-packages (from pandas) (1.19.4)
Requirement already satisfied: six>=1.5 in /zhome/fe/3/153614/.local/lib/python3.6/site-packages (from python-dateutil>=2.7.3->pandas) (1.15.0)
Requirement already satisfied: numpy in /zhome/fe/3/153614/.local/lib/python3.6/site-packages (1.19.4)
Requirement already satisfied: torch in /zhome/fe/3/153614/.local/lib/python3.6/site-packages (1.8.0)
Requirement already satisfied: dataclasses; python_version < "3.7" in /zhome/fe/3/153614/.local/lib/python3.6/site-packages (from torch) (0.8)
Requirement already satisfied: numpy in /zhome/fe/3/153614/.local/lib/python3.6/site-packages (from torch) (1.19.4)
Requirement already satisfied: typing-extensions in /zhome/fe/3/153614/.local/lib/python3.6/site-packages (from torch) (3.7.4.3)
Requirement already satisfied: matplotlib in /zhome/fe/3/153614/.local/lib/python3.6/site-packages (3.3.4)
Requirement already satisfied: python-dateutil>=2.1 in /zhome/fe/3/153614/.local/lib/python3.6/site-packages (from matplotlib) (2.8.1)
Requirement already satisfied: numpy>=1.15 in /zhome/fe/3/153614/.local/lib/python3.6/site-packages (from matplotlib) (1.19.4)
Requirement already satisfied: pillow>=6.2.0 in /zhome/fe/3/153614/.local/lib/python3.6/site-packages (from matplotlib) (8.0.1)
Requirement already satisfied: cycler>=0.10 in /zhome/fe/3/153614/.local/lib/python3.6/site-packages (from matplotlib) (0.10.0)
Requirement already satisfied: kiwisolver>=1.0.1 in /zhome/fe/3/153614/.local/lib/python3.6/site-packages (from matplotlib) (1.3.1)
Requirement already satisfied: pyparsing!=2.0.4,!=2.1.2,!=2.1.6,>=2.0.3 in /zhome/fe/3/153614/.local/lib/python3.6/site-packages (from matplotlib) (2.4.7)
Requirement already satisfied: six>=1.5 in /zhome/fe/3/153614/.local/lib/python3.6/site-packages (from python-dateutil>=2.1->matplotlib) (1.15.0)
Requirement already satisfied: gym-minigrid in /zhome/fe/3/153614/.local/lib/python3.6/site-packages (1.0.2)
Requirement already satisfied: gym>=0.9.6 in /zhome/fe/3/153614/.local/lib/python3.6/site-packages (from gym-minigrid) (0.17.3)
Requirement already satisfied: numpy>=1.15.0 in /zhome/fe/3/153614/.local/lib/python3.6/site-packages (from gym-minigrid) (1.19.4)
Requirement already satisfied: scipy in /zhome/fe/3/153614/.local/lib/python3.6/site-packages (from gym>=0.9.6->gym-minigrid) (1.5.4)
Requirement already satisfied: pyglet<=1.5.0,>=1.4.0 in /zhome/fe/3/153614/.local/lib/python3.6/site-packages (from gym>=0.9.6->gym-minigrid) (1.5.0)
Requirement already satisfied: cloudpickle<1.7.0,>=1.2.0 in /zhome/fe/3/153614/.local/lib/python3.6/site-packages (from gym>=0.9.6->gym-minigrid) (1.6.0)
Requirement already satisfied: future in /zhome/fe/3/153614/.local/lib/python3.6/site-packages (from pyglet<=1.5.0,>=1.4.0->gym>=0.9.6->gym-minigrid) (0.18.2)
Requirement already satisfied: gym in /zhome/fe/3/153614/.local/lib/python3.6/site-packages (0.17.3)
Requirement already satisfied: scipy in /zhome/fe/3/153614/.local/lib/python3.6/site-packages (from gym) (1.5.4)
Requirement already satisfied: numpy>=1.10.4 in /zhome/fe/3/153614/.local/lib/python3.6/site-packages (from gym) (1.19.4)
Requirement already satisfied: pyglet<=1.5.0,>=1.4.0 in /zhome/fe/3/153614/.local/lib/python3.6/site-packages (from gym) (1.5.0)
Requirement already satisfied: cloudpickle<1.7.0,>=1.2.0 in /zhome/fe/3/153614/.local/lib/python3.6/site-packages (from gym) (1.6.0)
Requirement already satisfied: future in /zhome/fe/3/153614/.local/lib/python3.6/site-packages (from pyglet<=1.5.0,>=1.4.0->gym) (0.18.2)
Running script...
